2023-08-22 04:39:44,550 - WARNING - IMACA6 offline! Enviando alerta...
2023-08-22 04:39:44,839 - INFO - IMACA7 online.
2023-08-22 04:39:45,163 - INFO - IMACA13 online.
2023-08-22 04:39:45,439 - INFO - IMACA15 online.
2023-08-22 04:39:45,764 - WARNING - IMACA22 offline! Enviando alerta...
2023-08-22 04:39:46,026 - WARNING - IMACA23 offline! Enviando alerta...
2023-08-22 04:39:46,295 - INFO - IMACA26 online.
2023-08-22 04:39:46,549 - WARNING - IMACA27 offline! Enviando alerta...
2023-08-22 04:39:46,858 - INFO - IMACA28 online.
2023-08-22 04:39:47,160 - INFO - IMACA30 online.
2023-08-22 04:39:47,560 - INFO - IMACA32 online.
2023-08-22 06:36:52,513 - WARNING - IMACA6 offline! Enviando alerta...
2023-08-22 06:36:52,687 - INFO - IMACA7 online.
2023-08-22 06:36:52,889 - INFO - IMACA13 online.
2023-08-22 06:36:53,126 - INFO - IMACA15 online.
2023-08-22 06:36:53,393 - WARNING - IMACA22 offline! Enviando alerta...
2023-08-22 06:36:53,613 - WARNING - IMACA23 offline! Enviando alerta...
2023-08-22 06:36:53,887 - INFO - IMACA26 online.
2023-08-22 06:36:54,274 - WARNING - IMACA27 offline! Enviando alerta...
2023-08-22 06:36:54,501 - INFO - IMACA28 online.
2023-08-22 06:36:54,738 - INFO - IMACA30 online.
2023-08-22 06:36:54,938 - INFO - IMACA32 online.
2023-08-22 08:36:53,578 - WARNING - IMACA6 offline! Enviando alerta...
2023-08-22 08:36:53,685 - INFO - IMACA7 online.
2023-08-22 08:36:53,806 - INFO - IMACA13 online.
2023-08-22 08:36:53,961 - INFO - IMACA15 online.
2023-08-22 08:36:54,083 - WARNING - IMACA22 offline! Enviando alerta...
2023-08-22 08:36:54,237 - WARNING - IMACA23 offline! Enviando alerta...
2023-08-22 08:36:54,344 - INFO - IMACA26 online.
2023-08-22 08:36:54,472 - WARNING - IMACA27 offline! Enviando alerta...
2023-08-22 08:36:54,639 - INFO - IMACA28 online.
2023-08-22 08:36:54,777 - INFO - IMACA30 online.
2023-08-22 08:36:54,893 - INFO - IMACA32 online.
2023-08-22 10:36:48,696 - WARNING - IMACA6 offline! Enviando alerta...
2023-08-22 10:36:48,988 - INFO - IMACA7 online.
2023-08-22 10:36:49,313 - INFO - IMACA13 online.
2023-08-22 10:36:49,626 - INFO - IMACA15 online.
2023-08-22 10:36:50,003 - WARNING - IMACA22 offline! Enviando alerta...
2023-08-22 10:36:50,251 - WARNING - IMACA23 offline! Enviando alerta...
2023-08-22 10:36:50,520 - INFO - IMACA26 online.
2023-08-22 10:36:50,787 - WARNING - IMACA27 offline! Enviando alerta...
2023-08-22 10:36:51,083 - INFO - IMACA28 online.
2023-08-22 10:36:51,373 - INFO - IMACA30 online.
2023-08-22 10:36:51,639 - INFO - IMACA32 online.
2023-08-22 12:49:54,526 - WARNING - IMACA6 offline! Enviando alerta...
2023-08-22 12:49:54,754 - INFO - IMACA7 online.
2023-08-22 12:49:55,037 - INFO - IMACA13 online.
2023-08-22 12:49:55,286 - INFO - IMACA15 online.
2023-08-22 12:49:55,532 - WARNING - IMACA22 offline! Enviando alerta...
2023-08-22 12:49:55,806 - WARNING - IMACA23 offline! Enviando alerta...
2023-08-22 12:49:56,094 - INFO - IMACA26 online.
2023-08-22 12:49:56,356 - WARNING - IMACA27 offline! Enviando alerta...
2023-08-22 12:49:56,630 - INFO - IMACA28 online.
2023-08-22 12:49:56,889 - INFO - IMACA30 online.
2023-08-22 12:49:57,189 - INFO - IMACA32 online.
2023-08-22 14:36:34,263 - WARNING - IMACA6 offline! Enviando alerta...
2023-08-22 14:36:34,469 - INFO - IMACA7 online.
2023-08-22 14:36:34,696 - INFO - IMACA13 online.
2023-08-22 14:36:34,936 - INFO - IMACA15 online.
2023-08-22 14:36:35,376 - WARNING - IMACA22 offline! Enviando alerta...
2023-08-22 14:36:35,549 - WARNING - IMACA23 offline! Enviando alerta...
2023-08-22 14:36:36,269 - INFO - IMACA26 online.
2023-08-22 14:36:36,633 - WARNING - IMACA27 offline! Enviando alerta...
2023-08-22 14:36:36,813 - INFO - IMACA28 online.
2023-08-22 14:36:37,006 - INFO - IMACA30 online.
2023-08-22 14:36:37,228 - INFO - IMACA32 online.
2023-08-22 16:37:48,378 - WARNING - IMACA6 offline! Enviando alerta...
2023-08-22 16:37:48,550 - INFO - IMACA7 online.
2023-08-22 16:37:48,744 - INFO - IMACA13 online.
2023-08-22 16:37:48,971 - INFO - IMACA15 online.
2023-08-22 16:37:49,166 - WARNING - IMACA22 offline! Enviando alerta...
2023-08-22 16:37:49,344 - WARNING - IMACA23 offline! Enviando alerta...
2023-08-22 16:37:49,563 - INFO - IMACA26 online.
2023-08-22 16:37:49,757 - WARNING - IMACA27 offline! Enviando alerta...
2023-08-22 16:37:50,249 - INFO - IMACA28 online.
2023-08-22 16:37:50,445 - INFO - IMACA30 online.
2023-08-22 16:37:50,668 - INFO - IMACA32 online.
2023-08-22 18:36:52,613 - WARNING - IMACA6 offline! Enviando alerta...
2023-08-22 18:36:52,832 - INFO - IMACA7 online.
2023-08-22 18:36:53,106 - INFO - IMACA13 online.
2023-08-22 18:36:54,136 - INFO - IMACA15 online.
2023-08-22 18:36:54,485 - WARNING - IMACA22 offline! Enviando alerta...
2023-08-22 18:36:54,713 - WARNING - IMACA23 offline! Enviando alerta...
2023-08-22 18:36:54,948 - INFO - IMACA26 online.
2023-08-22 18:36:55,251 - WARNING - IMACA27 offline! Enviando alerta...
2023-08-22 18:36:55,470 - INFO - IMACA28 online.
2023-08-22 18:36:56,097 - INFO - IMACA30 online.
2023-08-22 18:36:56,425 - INFO - IMACA32 online.
2023-08-22 20:36:54,161 - WARNING - IMACA6 offline! Enviando alerta...
2023-08-22 20:36:54,294 - INFO - IMACA7 online.
2023-08-22 20:36:54,427 - INFO - IMACA13 online.
2023-08-22 20:36:54,575 - INFO - IMACA15 online.
2023-08-22 20:36:54,741 - WARNING - IMACA22 offline! Enviando alerta...
2023-08-22 20:36:54,889 - WARNING - IMACA23 offline! Enviando alerta...
2023-08-22 20:36:55,109 - INFO - IMACA26 online.
2023-08-22 20:36:55,235 - WARNING - IMACA27 offline! Enviando alerta...
2023-08-22 20:36:55,366 - INFO - IMACA28 online.
2023-08-22 20:36:55,674 - INFO - IMACA30 online.
2023-08-22 20:36:55,797 - INFO - IMACA32 online.
2023-08-22 22:37:30,728 - WARNING - IMACA6 offline! Enviando alerta...
2023-08-22 22:37:30,916 - INFO - IMACA7 online.
2023-08-22 22:37:31,104 - INFO - IMACA13 online.
2023-08-22 22:37:31,276 - INFO - IMACA15 online.
2023-08-22 22:37:31,524 - WARNING - IMACA22 offline! Enviando alerta...
2023-08-22 22:37:31,721 - WARNING - IMACA23 offline! Enviando alerta...
2023-08-22 22:37:31,891 - INFO - IMACA26 online.
2023-08-22 22:37:32,055 - WARNING - IMACA27 offline! Enviando alerta...
2023-08-22 22:37:32,575 - INFO - IMACA28 online.
2023-08-22 22:37:32,939 - INFO - IMACA30 online.
2023-08-22 22:37:33,388 - INFO - IMACA32 online.
2023-08-23 01:29:49,071 - WARNING - IMACA6 offline! Enviando alerta...
2023-08-23 01:29:49,227 - INFO - IMACA7 online.
2023-08-23 01:29:49,393 - INFO - IMACA13 online.
2023-08-23 01:29:49,558 - INFO - IMACA15 online.
2023-08-23 01:29:49,707 - WARNING - IMACA22 offline! Enviando alerta...
2023-08-23 01:29:49,866 - WARNING - IMACA23 offline! Enviando alerta...
2023-08-23 01:29:50,074 - INFO - IMACA26 online.
2023-08-23 01:29:50,231 - WARNING - IMACA27 offline! Enviando alerta...
2023-08-23 01:29:50,386 - INFO - IMACA28 online.
2023-08-23 01:29:50,549 - INFO - IMACA30 online.
2023-08-23 01:29:50,741 - INFO - IMACA32 online.
2023-08-23 02:36:44,500 - WARNING - IMACA6 offline! Enviando alerta...
2023-08-23 02:36:44,852 - INFO - IMACA7 online.
2023-08-23 02:36:45,218 - INFO - IMACA13 online.
2023-08-23 02:36:45,636 - INFO - IMACA15 online.
2023-08-23 02:36:45,967 - WARNING - IMACA22 offline! Enviando alerta...
2023-08-23 02:36:46,519 - WARNING - IMACA23 offline! Enviando alerta...
2023-08-23 02:36:46,900 - INFO - IMACA26 online.
2023-08-23 02:36:47,206 - WARNING - IMACA27 offline! Enviando alerta...
2023-08-23 02:36:47,641 - INFO - IMACA28 online.
2023-08-23 02:36:47,989 - INFO - IMACA30 online.
2023-08-23 02:36:48,403 - INFO - IMACA32 online.
2023-08-23 04:36:48,481 - WARNING - IMACA6 offline! Enviando alerta...
2023-08-23 04:36:48,693 - INFO - IMACA7 online.
2023-08-23 04:36:48,812 - INFO - IMACA13 online.
2023-08-23 04:36:49,780 - INFO - IMACA15 online.
2023-08-23 04:36:49,889 - WARNING - IMACA22 offline! Enviando alerta...
2023-08-23 04:36:50,006 - WARNING - IMACA23 offline! Enviando alerta...
2023-08-23 04:36:50,128 - INFO - IMACA26 online.
2023-08-23 04:36:50,289 - WARNING - IMACA27 offline! Enviando alerta...
2023-08-23 04:36:50,438 - INFO - IMACA28 online.
2023-08-23 04:36:50,550 - INFO - IMACA30 online.
2023-08-23 04:36:50,714 - INFO - IMACA32 online.
2023-08-23 06:37:00,415 - WARNING - IMACA6 offline! Enviando alerta...
2023-08-23 06:37:00,540 - INFO - IMACA7 online.
2023-08-23 06:37:00,692 - INFO - IMACA13 online.
2023-08-23 06:37:00,874 - INFO - IMACA15 online.
2023-08-23 06:37:01,027 - WARNING - IMACA22 offline! Enviando alerta...
2023-08-23 06:37:01,185 - WARNING - IMACA23 offline! Enviando alerta...
2023-08-23 06:37:01,317 - INFO - IMACA26 online.
2023-08-23 06:37:01,430 - WARNING - IMACA27 offline! Enviando alerta...
2023-08-23 06:37:01,734 - INFO - IMACA28 online.
2023-08-23 06:37:01,884 - INFO - IMACA30 online.
2023-08-23 06:37:02,052 - INFO - IMACA32 online.
2023-08-23 08:36:55,240 - WARNING - IMACA6 offline! Enviando alerta...
2023-08-23 08:36:55,348 - INFO - IMACA7 online.
2023-08-23 08:36:55,492 - INFO - IMACA13 online.
2023-08-23 08:36:55,641 - INFO - IMACA15 online.
2023-08-23 08:36:55,766 - WARNING - IMACA22 offline! Enviando alerta...
2023-08-23 08:36:55,946 - WARNING - IMACA23 offline! Enviando alerta...
2023-08-23 08:36:56,241 - INFO - IMACA26 online.
2023-08-23 08:36:56,440 - WARNING - IMACA27 offline! Enviando alerta...
2023-08-23 08:36:56,589 - INFO - IMACA28 online.
2023-08-23 08:36:56,718 - INFO - IMACA30 online.
2023-08-23 08:36:56,849 - INFO - IMACA32 online.
2023-08-23 10:36:50,207 - WARNING - IMACA6 offline! Enviando alerta...
2023-08-23 10:36:50,438 - INFO - IMACA7 online.
2023-08-23 10:36:50,745 - INFO - IMACA13 online.
2023-08-23 10:36:51,151 - INFO - IMACA15 online.
2023-08-23 10:36:51,387 - WARNING - IMACA22 offline! Enviando alerta...
2023-08-23 10:36:51,597 - WARNING - IMACA23 offline! Enviando alerta...
2023-08-23 10:36:51,820 - INFO - IMACA26 online.
2023-08-23 10:36:52,041 - WARNING - IMACA27 offline! Enviando alerta...
2023-08-23 10:36:52,261 - INFO - IMACA28 online.
2023-08-23 10:36:52,488 - INFO - IMACA30 online.
2023-08-23 10:36:52,714 - INFO - IMACA32 online.
2023-08-23 12:50:03,401 - WARNING - IMACA6 offline! Enviando alerta...
2023-08-23 12:50:03,627 - INFO - IMACA7 online.
2023-08-23 12:50:03,873 - INFO - IMACA13 online.
2023-08-23 12:50:04,126 - INFO - IMACA15 online.
2023-08-23 12:50:04,397 - WARNING - IMACA22 offline! Enviando alerta...
2023-08-23 12:50:04,719 - WARNING - IMACA23 offline! Enviando alerta...
2023-08-23 12:50:04,955 - INFO - IMACA26 online.
2023-08-23 12:50:05,179 - WARNING - IMACA27 offline! Enviando alerta...
2023-08-23 12:50:05,439 - INFO - IMACA28 online.
2023-08-23 12:50:05,675 - INFO - IMACA30 online.
2023-08-23 12:50:06,059 - INFO - IMACA32 online.
2023-08-23 14:36:54,356 - WARNING - IMACA6 offline! Enviando alerta...
2023-08-23 14:36:54,709 - INFO - IMACA7 online.
2023-08-23 14:36:55,538 - INFO - IMACA13 online.
2023-08-23 14:36:55,814 - INFO - IMACA15 online.
2023-08-23 14:36:56,122 - WARNING - IMACA22 offline! Enviando alerta...
2023-08-23 14:36:56,459 - WARNING - IMACA23 offline! Enviando alerta...
2023-08-23 14:36:56,735 - INFO - IMACA26 online.
2023-08-23 14:36:56,975 - WARNING - IMACA27 offline! Enviando alerta...
2023-08-23 14:36:57,429 - INFO - IMACA28 online.
2023-08-23 14:36:57,672 - INFO - IMACA30 online.
2023-08-23 14:36:58,982 - INFO - IMACA32 online.
2023-08-23 16:39:33,331 - WARNING - IMACA6 offline! Enviando alerta...
2023-08-23 16:39:33,490 - INFO - IMACA7 online.
2023-08-23 16:39:33,735 - INFO - IMACA13 online.
2023-08-23 16:39:33,975 - INFO - IMACA15 online.
2023-08-23 16:39:34,153 - WARNING - IMACA22 offline! Enviando alerta...
2023-08-23 16:39:34,365 - WARNING - IMACA23 offline! Enviando alerta...
2023-08-23 16:39:34,605 - INFO - IMACA26 online.
2023-08-23 16:39:34,767 - WARNING - IMACA27 offline! Enviando alerta...
2023-08-23 16:39:34,943 - INFO - IMACA28 online.
2023-08-23 16:39:35,177 - INFO - IMACA30 online.
2023-08-23 16:39:35,392 - INFO - IMACA32 online.
2023-08-23 18:37:01,115 - WARNING - IMACA6 offline! Enviando alerta...
2023-08-23 18:37:01,276 - INFO - IMACA7 online.
2023-08-23 18:37:01,408 - INFO - IMACA13 online.
2023-08-23 18:37:01,692 - INFO - IMACA15 online.
2023-08-23 18:37:01,839 - WARNING - IMACA22 offline! Enviando alerta...
2023-08-23 18:37:02,019 - WARNING - IMACA23 offline! Enviando alerta...
2023-08-23 18:37:02,195 - INFO - IMACA26 online.
2023-08-23 18:37:02,324 - WARNING - IMACA27 offline! Enviando alerta...
2023-08-23 18:37:02,459 - INFO - IMACA28 online.
2023-08-23 18:37:02,573 - INFO - IMACA30 online.
2023-08-23 18:37:02,723 - INFO - IMACA32 online.
2023-08-23 20:36:49,265 - WARNING - IMACA6 offline! Enviando alerta...
2023-08-23 20:36:49,470 - INFO - IMACA7 online.
2023-08-23 20:36:49,800 - INFO - IMACA13 online.
2023-08-23 20:36:50,060 - INFO - IMACA15 online.
2023-08-23 20:36:50,517 - WARNING - IMACA22 offline! Enviando alerta...
2023-08-23 20:36:50,794 - WARNING - IMACA23 offline! Enviando alerta...
2023-08-23 20:36:51,023 - INFO - IMACA26 online.
2023-08-23 20:36:51,313 - WARNING - IMACA27 offline! Enviando alerta...
2023-08-23 20:36:51,504 - INFO - IMACA28 online.
2023-08-23 20:36:51,795 - INFO - IMACA30 online.
2023-08-23 20:36:52,090 - INFO - IMACA32 online.
2023-08-23 22:36:48,535 - INFO - Iniciando...
2023-08-23 22:36:49,155 - WARNING - IMACA6 offline! Enviando alerta...
2023-08-23 22:36:49,524 - INFO - IMACA7 online.
2023-08-23 22:36:49,764 - INFO - IMACA13 online.
2023-08-23 22:36:50,068 - INFO - IMACA15 online.
2023-08-23 22:36:50,252 - WARNING - IMACA22 offline! Enviando alerta...
2023-08-23 22:36:50,431 - WARNING - IMACA23 offline! Enviando alerta...
2023-08-23 22:36:50,635 - INFO - IMACA26 online.
2023-08-23 22:36:50,851 - WARNING - IMACA27 offline! Enviando alerta...
2023-08-23 22:36:51,040 - INFO - IMACA28 online.
2023-08-23 22:36:51,235 - INFO - IMACA30 online.
2023-08-23 22:36:51,449 - INFO - IMACA32 online.
2023-08-23 22:36:51,450 - INFO - Finalizando...
2023-08-24 01:29:40,153 - INFO - Iniciando...
2023-08-24 01:29:40,598 - WARNING - IMACA6 offline! Enviando alerta...
2023-08-24 01:29:40,814 - INFO - IMACA7 online.
2023-08-24 01:29:41,258 - INFO - IMACA13 online.
2023-08-24 01:29:41,436 - INFO - IMACA15 online.
2023-08-24 01:29:41,597 - WARNING - IMACA22 offline! Enviando alerta...
2023-08-24 01:29:41,935 - WARNING - IMACA23 offline! Enviando alerta...
2023-08-24 01:29:42,268 - INFO - IMACA26 online.
2023-08-24 01:29:42,866 - WARNING - IMACA27 offline! Enviando alerta...
2023-08-24 01:29:43,130 - INFO - IMACA28 online.
2023-08-24 01:29:43,494 - INFO - IMACA30 online.
2023-08-24 01:29:43,771 - INFO - IMACA32 online.
2023-08-24 01:29:44,846 - INFO - Email enviado aos destinatários thiagopaes1993@gmail.com
2023-08-24 01:29:44,846 - INFO - Finalizando em 4.69 s
